<?xml version="1.0" encoding="UTF-8"?>
<testsuite name="org.example.service.TodoServiceTest" tests="3" skipped="0" failures="0" errors="0" timestamp="2022-01-12T13:32:34" hostname="DESKTOP-CRV2CFL" time="0.857">
  <properties/>
  <testcase name="searchById()" classname="org.example.service.TodoServiceTest" time="0.843"/>
  <testcase name="searchByIdFailed()" classname="org.example.service.TodoServiceTest" time="0.006"/>
  <testcase name="add()" classname="org.example.service.TodoServiceTest" time="0.006"/>
  <system-out><![CDATA[]]></system-out>
  <system-err><![CDATA[]]></system-err>
</testsuite>
