<?xml version="1.0" encoding="UTF-8"?>
<testsuite name="org.example.service.TodoServiceTest" tests="1" skipped="0" failures="0" errors="0" timestamp="2022-01-12T12:56:36" hostname="DESKTOP-CRV2CFL" time="0.944">
  <properties/>
  <testcase name="searchByIdFailed()" classname="org.example.service.TodoServiceTest" time="0.944"/>
  <system-out><![CDATA[]]></system-out>
  <system-err><![CDATA[]]></system-err>
</testsuite>
